Determining if the pthread_create exist failed with the following output:
Change Dir: /home/olivier/mao/borderlands/Borderlands/CMakeFiles/CMakeTmp

Run Build Command:"/usr/bin/make" "cmTC_03b6a/fast"
/usr/bin/make -f CMakeFiles/cmTC_03b6a.dir/build.make CMakeFiles/cmTC_03b6a.dir/build
make[1] : on entre dans le répertoire « /home/olivier/mao/borderlands/Borderlands/CMakeFiles/CMakeTmp »
Building C object CMakeFiles/cmTC_03b6a.dir/CheckSymbolExists.c.o
/usr/bin/cc    -o CMakeFiles/cmTC_03b6a.dir/CheckSymbolExists.c.o   -c /home/olivier/mao/borderlands/Borderlands/CMakeFiles/CMakeTmp/CheckSymbolExists.c
Linking C executable cmTC_03b6a
/usr/bin/cmake -E cmake_link_script CMakeFiles/cmTC_03b6a.dir/link.txt --verbose=1
/usr/bin/cc      -rdynamic CMakeFiles/cmTC_03b6a.dir/CheckSymbolExists.c.o  -o cmTC_03b6a 
CMakeFiles/cmTC_03b6a.dir/CheckSymbolExists.c.o : Dans la fonction « main » :
CheckSymbolExists.c:(.text+0x1b) : référence indéfinie vers « pthread_create »
collect2: error: ld returned 1 exit status
CMakeFiles/cmTC_03b6a.dir/build.make:97 : la recette pour la cible « cmTC_03b6a » a échouée
make[1]: *** [cmTC_03b6a] Erreur 1
make[1] : on quitte le répertoire « /home/olivier/mao/borderlands/Borderlands/CMakeFiles/CMakeTmp »
Makefile:126 : la recette pour la cible « cmTC_03b6a/fast » a échouée
make: *** [cmTC_03b6a/fast] Erreur 2

File /home/olivier/mao/borderlands/Borderlands/CMakeFiles/CMakeTmp/CheckSymbolExists.c:
/* */
#include <pthread.h>

int main(int argc, char** argv)
{
  (void)argv;
#ifndef pthread_create
  return ((int*)(&pthread_create))[argc];
#else
  (void)argc;
  return 0;
#endif
}

Determining if the function pthread_create exists in the pthreads failed with the following output:
Change Dir: /home/olivier/mao/borderlands/Borderlands/CMakeFiles/CMakeTmp

Run Build Command:"/usr/bin/make" "cmTC_744e5/fast"
/usr/bin/make -f CMakeFiles/cmTC_744e5.dir/build.make CMakeFiles/cmTC_744e5.dir/build
make[1] : on entre dans le répertoire « /home/olivier/mao/borderlands/Borderlands/CMakeFiles/CMakeTmp »
Building C object CMakeFiles/cmTC_744e5.dir/CheckFunctionExists.c.o
/usr/bin/cc   -DCHECK_FUNCTION_EXISTS=pthread_create   -o CMakeFiles/cmTC_744e5.dir/CheckFunctionExists.c.o   -c /usr/share/cmake-3.9/Modules/CheckFunctionExists.c
Linking C executable cmTC_744e5
/usr/bin/cmake -E cmake_link_script CMakeFiles/cmTC_744e5.dir/link.txt --verbose=1
/usr/bin/cc  -DCHECK_FUNCTION_EXISTS=pthread_create    -rdynamic CMakeFiles/cmTC_744e5.dir/CheckFunctionExists.c.o  -o cmTC_744e5 -lpthreads 
/usr/bin/ld : ne peut trouver -lpthreads
collect2: error: ld returned 1 exit status
CMakeFiles/cmTC_744e5.dir/build.make:97 : la recette pour la cible « cmTC_744e5 » a échouée
make[1]: *** [cmTC_744e5] Erreur 1
make[1] : on quitte le répertoire « /home/olivier/mao/borderlands/Borderlands/CMakeFiles/CMakeTmp »
Makefile:126 : la recette pour la cible « cmTC_744e5/fast » a échouée
make: *** [cmTC_744e5/fast] Erreur 2


Determining if the pthread_create exist failed with the following output:
Change Dir: /home/olivier/mao/borderlands/Borderlands/CMakeFiles/CMakeTmp

Run Build Command:"/usr/bin/make" "cmTC_61766/fast"
/usr/bin/make -f CMakeFiles/cmTC_61766.dir/build.make CMakeFiles/cmTC_61766.dir/build
make[1] : on entre dans le répertoire « /home/olivier/mao/borderlands/Borderlands/CMakeFiles/CMakeTmp »
Building C object CMakeFiles/cmTC_61766.dir/CheckSymbolExists.c.o
/usr/bin/cc    -o CMakeFiles/cmTC_61766.dir/CheckSymbolExists.c.o   -c /home/olivier/mao/borderlands/Borderlands/CMakeFiles/CMakeTmp/CheckSymbolExists.c
Linking C executable cmTC_61766
/usr/bin/cmake -E cmake_link_script CMakeFiles/cmTC_61766.dir/link.txt --verbose=1
/usr/bin/cc      -rdynamic CMakeFiles/cmTC_61766.dir/CheckSymbolExists.c.o  -o cmTC_61766 
CMakeFiles/cmTC_61766.dir/CheckSymbolExists.c.o : Dans la fonction « main » :
CheckSymbolExists.c:(.text+0x1b) : référence indéfinie vers « pthread_create »
collect2: error: ld returned 1 exit status
CMakeFiles/cmTC_61766.dir/build.make:97 : la recette pour la cible « cmTC_61766 » a échouée
make[1]: *** [cmTC_61766] Erreur 1
make[1] : on quitte le répertoire « /home/olivier/mao/borderlands/Borderlands/CMakeFiles/CMakeTmp »
Makefile:126 : la recette pour la cible « cmTC_61766/fast » a échouée
make: *** [cmTC_61766/fast] Erreur 2

File /home/olivier/mao/borderlands/Borderlands/CMakeFiles/CMakeTmp/CheckSymbolExists.c:
/* */
#include <pthread.h>

int main(int argc, char** argv)
{
  (void)argv;
#ifndef pthread_create
  return ((int*)(&pthread_create))[argc];
#else
  (void)argc;
  return 0;
#endif
}

Determining if the function pthread_create exists in the pthreads failed with the following output:
Change Dir: /home/olivier/mao/borderlands/Borderlands/CMakeFiles/CMakeTmp

Run Build Command:"/usr/bin/make" "cmTC_29508/fast"
/usr/bin/make -f CMakeFiles/cmTC_29508.dir/build.make CMakeFiles/cmTC_29508.dir/build
make[1] : on entre dans le répertoire « /home/olivier/mao/borderlands/Borderlands/CMakeFiles/CMakeTmp »
Building C object CMakeFiles/cmTC_29508.dir/CheckFunctionExists.c.o
/usr/bin/cc   -DCHECK_FUNCTION_EXISTS=pthread_create   -o CMakeFiles/cmTC_29508.dir/CheckFunctionExists.c.o   -c /usr/share/cmake-3.9/Modules/CheckFunctionExists.c
Linking C executable cmTC_29508
/usr/bin/cmake -E cmake_link_script CMakeFiles/cmTC_29508.dir/link.txt --verbose=1
/usr/bin/cc  -DCHECK_FUNCTION_EXISTS=pthread_create    -rdynamic CMakeFiles/cmTC_29508.dir/CheckFunctionExists.c.o  -o cmTC_29508 -lpthreads 
/usr/bin/ld : ne peut trouver -lpthreads
collect2: error: ld returned 1 exit status
CMakeFiles/cmTC_29508.dir/build.make:97 : la recette pour la cible « cmTC_29508 » a échouée
make[1]: *** [cmTC_29508] Erreur 1
make[1] : on quitte le répertoire « /home/olivier/mao/borderlands/Borderlands/CMakeFiles/CMakeTmp »
Makefile:126 : la recette pour la cible « cmTC_29508/fast » a échouée
make: *** [cmTC_29508/fast] Erreur 2


